[debug] [2025-01-07T17:11:05.690Z] ----------------------------------------------------------------------
[debug] [2025-01-07T17:11:05.693Z] Command:       C:\Program Files\nodejs\node.exe C:\Users\jrebh\AppData\Roaming\npm\node_modules\firebase-tools\lib\bin\firebase.js emulators:start
[debug] [2025-01-07T17:11:05.694Z] CLI Version:   13.29.1
[debug] [2025-01-07T17:11:05.694Z] Platform:      win32
[debug] [2025-01-07T17:11:05.694Z] Node Version:  v20.17.0
[debug] [2025-01-07T17:11:05.694Z] Time:          Tue Jan 07 2025 11:11:05 GMT-0600 (Central Standard Time)
[debug] [2025-01-07T17:11:05.694Z] ----------------------------------------------------------------------
[debug] 
[debug] [2025-01-07T17:11:05.828Z] > command requires scopes: ["email","openid","https://www.googleapis.com/auth/cloudplatformprojects.readonly","https://www.googleapis.com/auth/firebase","https://www.googleapis.com/auth/cloud-platform"]
[debug] [2025-01-07T17:11:05.828Z] > authorizing via signed-in user (jrebholz12@icloud.com)
[info] i  emulators: Starting emulators: functions, extensions {"metadata":{"emulator":{"name":"hub"},"message":"Starting emulators: functions, extensions"}}
[debug] [2025-01-07T17:11:05.833Z] Checked if tokens are valid: true, expires at: 1736272506694
[debug] [2025-01-07T17:11:05.833Z] Checked if tokens are valid: true, expires at: 1736272506694
[debug] [2025-01-07T17:11:05.834Z] >>> [apiv2][query] GET https://cloudresourcemanager.googleapis.com/v1/projects/rebzlist [none]
[debug] [2025-01-07T17:11:06.004Z] <<< [apiv2][status] GET https://cloudresourcemanager.googleapis.com/v1/projects/rebzlist 200
[debug] [2025-01-07T17:11:06.004Z] <<< [apiv2][body] GET https://cloudresourcemanager.googleapis.com/v1/projects/rebzlist {"projectNumber":"319668133045","projectId":"rebzlist","lifecycleState":"ACTIVE","name":"RebzList","labels":{"firebase":"enabled"},"createTime":"2024-09-17T20:51:47.904037Z"}
[debug] [2025-01-07T17:11:06.014Z] [logging] Logging Emulator only supports listening on one address (127.0.0.1). Not listening on ::1
[debug] [2025-01-07T17:11:06.014Z] assigned listening specs for emulators {"user":{"hub":[{"address":"127.0.0.1","family":"IPv4","port":4400},{"address":"::1","family":"IPv6","port":4400}],"ui":[{"address":"127.0.0.1","family":"IPv4","port":4000},{"address":"::1","family":"IPv6","port":4000}],"logging":[{"address":"127.0.0.1","family":"IPv4","port":4500}]},"metadata":{"message":"assigned listening specs for emulators"}}
[debug] [2025-01-07T17:11:06.020Z] [hub] writing locator at C:\Users\jrebh\AppData\Local\Temp\hub-rebzlist.json
[debug] [2025-01-07T17:11:06.030Z] [Extensions] Started Extensions emulator, this is a noop.
[debug] [2025-01-07T17:11:06.035Z] [functions] Functions Emulator only supports listening on one address (127.0.0.1). Not listening on ::1
[debug] [2025-01-07T17:11:06.035Z] [eventarc] Eventarc Emulator only supports listening on one address (127.0.0.1). Not listening on ::1
[debug] [2025-01-07T17:11:06.035Z] [tasks] Cloud Tasks Emulator only supports listening on one address (127.0.0.1). Not listening on ::1
[debug] [2025-01-07T17:11:06.035Z] late-assigned ports for functions and eventarc emulators {"user":{"hub":[{"address":"127.0.0.1","family":"IPv4","port":4400},{"address":"::1","family":"IPv6","port":4400}],"ui":[{"address":"127.0.0.1","family":"IPv4","port":4000},{"address":"::1","family":"IPv6","port":4000}],"logging":[{"address":"127.0.0.1","family":"IPv4","port":4500}],"functions":[{"address":"127.0.0.1","family":"IPv4","port":5001}],"eventarc":[{"address":"127.0.0.1","family":"IPv4","port":9299}],"tasks":[{"address":"127.0.0.1","family":"IPv4","port":9499}]},"metadata":{"message":"late-assigned ports for functions and eventarc emulators"}}
[warn] !  functions: The following emulators are not running, calls to these services from the Functions emulator will affect production: apphosting, auth, firestore, database, hosting, pubsub, storage, dataconnect {"metadata":{"emulator":{"name":"functions"},"message":"The following emulators are not running, calls to these services from the Functions emulator will affect production: \u001b[1mapphosting, auth, firestore, database, hosting, pubsub, storage, dataconnect\u001b[22m"}}
[debug] [2025-01-07T17:11:06.041Z] defaultcredentials: writing to file C:\Users\jrebh\AppData\Roaming\firebase\jrebholz12_icloud_com_application_default_credentials.json
[debug] [2025-01-07T17:11:06.044Z] Setting GAC to C:\Users\jrebh\AppData\Roaming\firebase\jrebholz12_icloud_com_application_default_credentials.json {"metadata":{"emulator":{"name":"functions"},"message":"Setting GAC to C:\\Users\\jrebh\\AppData\\Roaming\\firebase\\jrebholz12_icloud_com_application_default_credentials.json"}}
[debug] [2025-01-07T17:11:06.045Z] Checked if tokens are valid: true, expires at: 1736272506694
[debug] [2025-01-07T17:11:06.045Z] Checked if tokens are valid: true, expires at: 1736272506694
[debug] [2025-01-07T17:11:06.045Z] >>> [apiv2][query] GET https://firebase.googleapis.com/v1beta1/projects/rebzlist/adminSdkConfig [none]
[debug] [2025-01-07T17:11:06.251Z] <<< [apiv2][status] GET https://firebase.googleapis.com/v1beta1/projects/rebzlist/adminSdkConfig 200
[debug] [2025-01-07T17:11:06.251Z] <<< [apiv2][body] GET https://firebase.googleapis.com/v1beta1/projects/rebzlist/adminSdkConfig {"projectId":"rebzlist","storageBucket":"rebzlist.firebasestorage.app"}
[info] i  ui: downloading ui-v1.14.0.zip... {"metadata":{"emulator":{"name":"ui"},"message":"downloading ui-v1.14.0.zip..."}}
[debug] [2025-01-07T17:11:06.291Z] >>> [apiv2][query] GET https://storage.googleapis.com/firebase-preview-drop/emulator/ui-v1.14.0.zip 
[debug] [2025-01-07T17:11:06.425Z] <<< [apiv2][status] GET https://storage.googleapis.com/firebase-preview-drop/emulator/ui-v1.14.0.zip 200
[debug] [2025-01-07T17:11:06.425Z] <<< [apiv2][body] GET https://storage.googleapis.com/firebase-preview-drop/emulator/ui-v1.14.0.zip [stream]
[debug] [2025-01-07T17:11:06.703Z] Data is 3615311
[debug] [2025-01-07T17:11:06.703Z] [unzip] Entry: client/ (compressed_size=0 bytes, uncompressed_size=0 bytes)
[debug] [2025-01-07T17:11:06.703Z] [unzip] Processing entry: client\
[debug] [2025-01-07T17:11:06.703Z] [unzip] mkdir: C:\Users\jrebh\.cache\firebase\emulators\ui-v1.14.0\client\
[debug] [2025-01-07T17:11:06.704Z] [unzip] Entry: client/favicon-16x16.png (compressed_size=293 bytes, uncompressed_size=293 bytes)
[debug] [2025-01-07T17:11:06.705Z] [unzip] Processing entry: client\favicon-16x16.png
[debug] [2025-01-07T17:11:06.705Z] [unzip] else mkdir: C:\Users\jrebh\.cache\firebase\emulators\ui-v1.14.0\client
[debug] [2025-01-07T17:11:06.705Z] [unzip] Writing file: C:\Users\jrebh\.cache\firebase\emulators\ui-v1.14.0\client\favicon-16x16.png
[debug] [2025-01-07T17:11:06.707Z] [unzip] Entry: client/safari-pinned-tab.svg (compressed_size=1433 bytes, uncompressed_size=2611 bytes)
[debug] [2025-01-07T17:11:06.707Z] [unzip] Processing entry: client\safari-pinned-tab.svg
[debug] [2025-01-07T17:11:06.707Z] [unzip] else mkdir: C:\Users\jrebh\.cache\firebase\emulators\ui-v1.14.0\client
[debug] [2025-01-07T17:11:06.707Z] [unzip] deflating: C:\Users\jrebh\.cache\firebase\emulators\ui-v1.14.0\client\safari-pinned-tab.svg
[debug] [2025-01-07T17:11:06.712Z] [unzip] Entry: client/favicon.ico (compressed_size=2933 bytes, uncompressed_size=13294 bytes)
[debug] [2025-01-07T17:11:06.712Z] [unzip] Processing entry: client\favicon.ico
[debug] [2025-01-07T17:11:06.712Z] [unzip] else mkdir: C:\Users\jrebh\.cache\firebase\emulators\ui-v1.14.0\client
[debug] [2025-01-07T17:11:06.712Z] [unzip] deflating: C:\Users\jrebh\.cache\firebase\emulators\ui-v1.14.0\client\favicon.ico
[debug] [2025-01-07T17:11:06.714Z] [unzip] Entry: client/index.html (compressed_size=1363 bytes, uncompressed_size=3071 bytes)
[debug] [2025-01-07T17:11:06.714Z] [unzip] Processing entry: client\index.html
[debug] [2025-01-07T17:11:06.714Z] [unzip] else mkdir: C:\Users\jrebh\.cache\firebase\emulators\ui-v1.14.0\client
[debug] [2025-01-07T17:11:06.714Z] [unzip] deflating: C:\Users\jrebh\.cache\firebase\emulators\ui-v1.14.0\client\index.html
[debug] [2025-01-07T17:11:06.727Z] [unzip] Entry: client/android-chrome-192x192.png (compressed_size=2684 bytes, uncompressed_size=2684 bytes)
[debug] [2025-01-07T17:11:06.727Z] [unzip] Processing entry: client\android-chrome-192x192.png
[debug] [2025-01-07T17:11:06.727Z] [unzip] else mkdir: C:\Users\jrebh\.cache\firebase\emulators\ui-v1.14.0\client
[debug] [2025-01-07T17:11:06.728Z] [unzip] Writing file: C:\Users\jrebh\.cache\firebase\emulators\ui-v1.14.0\client\android-chrome-192x192.png
[debug] [2025-01-07T17:11:06.729Z] [unzip] Entry: client/apple-touch-icon.png (compressed_size=2123 bytes, uncompressed_size=2152 bytes)
[debug] [2025-01-07T17:11:06.729Z] [unzip] Processing entry: client\apple-touch-icon.png
[debug] [2025-01-07T17:11:06.729Z] [unzip] else mkdir: C:\Users\jrebh\.cache\firebase\emulators\ui-v1.14.0\client
[debug] [2025-01-07T17:11:06.729Z] [unzip] deflating: C:\Users\jrebh\.cache\firebase\emulators\ui-v1.14.0\client\apple-touch-icon.png
[debug] [2025-01-07T17:11:06.731Z] [unzip] Entry: client/android-chrome-512x512.png (compressed_size=5369 bytes, uncompressed_size=5411 bytes)
[debug] [2025-01-07T17:11:06.731Z] [unzip] Processing entry: client\android-chrome-512x512.png
[debug] [2025-01-07T17:11:06.731Z] [unzip] else mkdir: C:\Users\jrebh\.cache\firebase\emulators\ui-v1.14.0\client
[debug] [2025-01-07T17:11:06.732Z] [unzip] deflating: C:\Users\jrebh\.cache\firebase\emulators\ui-v1.14.0\client\android-chrome-512x512.png
[debug] [2025-01-07T17:11:06.733Z] [unzip] Entry: client/manifest.json (compressed_size=245 bytes, uncompressed_size=551 bytes)
[debug] [2025-01-07T17:11:06.733Z] [unzip] Processing entry: client\manifest.json
[debug] [2025-01-07T17:11:06.733Z] [unzip] else mkdir: C:\Users\jrebh\.cache\firebase\emulators\ui-v1.14.0\client
[debug] [2025-01-07T17:11:06.734Z] [unzip] deflating: C:\Users\jrebh\.cache\firebase\emulators\ui-v1.14.0\client\manifest.json
[debug] [2025-01-07T17:11:06.735Z] [unzip] Entry: client/robots.txt (compressed_size=26 bytes, uncompressed_size=26 bytes)
[debug] [2025-01-07T17:11:06.735Z] [unzip] Processing entry: client\robots.txt
[debug] [2025-01-07T17:11:06.735Z] [unzip] else mkdir: C:\Users\jrebh\.cache\firebase\emulators\ui-v1.14.0\client
[debug] [2025-01-07T17:11:06.736Z] [unzip] Writing file: C:\Users\jrebh\.cache\firebase\emulators\ui-v1.14.0\client\robots.txt
[debug] [2025-01-07T17:11:06.737Z] [unzip] Entry: client/mstile-150x150.png (compressed_size=2034 bytes, uncompressed_size=2034 bytes)
[debug] [2025-01-07T17:11:06.737Z] [unzip] Processing entry: client\mstile-150x150.png
[debug] [2025-01-07T17:11:06.737Z] [unzip] else mkdir: C:\Users\jrebh\.cache\firebase\emulators\ui-v1.14.0\client
[debug] [2025-01-07T17:11:06.738Z] [unzip] Writing file: C:\Users\jrebh\.cache\firebase\emulators\ui-v1.14.0\client\mstile-150x150.png
[debug] [2025-01-07T17:11:06.739Z] [unzip] Entry: client/assets/ (compressed_size=0 bytes, uncompressed_size=0 bytes)
[debug] [2025-01-07T17:11:06.739Z] [unzip] Processing entry: client\assets\
[debug] [2025-01-07T17:11:06.739Z] [unzip] mkdir: C:\Users\jrebh\.cache\firebase\emulators\ui-v1.14.0\client\assets\
[debug] [2025-01-07T17:11:06.739Z] [unzip] Entry: client/assets/index-ClZTY_JS.js.map (compressed_size=2328270 bytes, uncompressed_size=9947004 bytes)
[debug] [2025-01-07T17:11:06.739Z] [unzip] Processing entry: client\assets\index-ClZTY_JS.js.map
[debug] [2025-01-07T17:11:06.739Z] [unzip] else mkdir: C:\Users\jrebh\.cache\firebase\emulators\ui-v1.14.0\client\assets
[debug] [2025-01-07T17:11:06.740Z] [unzip] deflating: C:\Users\jrebh\.cache\firebase\emulators\ui-v1.14.0\client\assets\index-ClZTY_JS.js.map
[debug] [2025-01-07T17:11:06.832Z] [unzip] Entry: client/assets/index-ClZTY_JS.js (compressed_size=567195 bytes, uncompressed_size=2035940 bytes)
[debug] [2025-01-07T17:11:06.833Z] [unzip] Processing entry: client\assets\index-ClZTY_JS.js
[debug] [2025-01-07T17:11:06.833Z] [unzip] else mkdir: C:\Users\jrebh\.cache\firebase\emulators\ui-v1.14.0\client\assets
[debug] [2025-01-07T17:11:06.833Z] [unzip] deflating: C:\Users\jrebh\.cache\firebase\emulators\ui-v1.14.0\client\assets\index-ClZTY_JS.js
[debug] [2025-01-07T17:11:06.856Z] [unzip] Entry: client/assets/index-BdgySamB.css (compressed_size=35979 bytes, uncompressed_size=298654 bytes)
[debug] [2025-01-07T17:11:06.856Z] [unzip] Processing entry: client\assets\index-BdgySamB.css
[debug] [2025-01-07T17:11:06.856Z] [unzip] else mkdir: C:\Users\jrebh\.cache\firebase\emulators\ui-v1.14.0\client\assets
[debug] [2025-01-07T17:11:06.857Z] [unzip] deflating: C:\Users\jrebh\.cache\firebase\emulators\ui-v1.14.0\client\assets\index-BdgySamB.css
[debug] [2025-01-07T17:11:06.860Z] [unzip] Entry: client/assets/extensions/ (compressed_size=0 bytes, uncompressed_size=0 bytes)
[debug] [2025-01-07T17:11:06.860Z] [unzip] Processing entry: client\assets\extensions\
[debug] [2025-01-07T17:11:06.860Z] [unzip] mkdir: C:\Users\jrebh\.cache\firebase\emulators\ui-v1.14.0\client\assets\extensions\
[debug] [2025-01-07T17:11:06.861Z] [unzip] Entry: client/assets/extensions/default-extension.png (compressed_size=1646 bytes, uncompressed_size=1657 bytes)
[debug] [2025-01-07T17:11:06.861Z] [unzip] Processing entry: client\assets\extensions\default-extension.png
[debug] [2025-01-07T17:11:06.861Z] [unzip] else mkdir: C:\Users\jrebh\.cache\firebase\emulators\ui-v1.14.0\client\assets\extensions
[debug] [2025-01-07T17:11:06.861Z] [unzip] deflating: C:\Users\jrebh\.cache\firebase\emulators\ui-v1.14.0\client\assets\extensions\default-extension.png
[debug] [2025-01-07T17:11:06.863Z] [unzip] Entry: client/assets/img/ (compressed_size=0 bytes, uncompressed_size=0 bytes)
[debug] [2025-01-07T17:11:06.863Z] [unzip] Processing entry: client\assets\img\
[debug] [2025-01-07T17:11:06.863Z] [unzip] mkdir: C:\Users\jrebh\.cache\firebase\emulators\ui-v1.14.0\client\assets\img\
[debug] [2025-01-07T17:11:06.863Z] [unzip] Entry: client/assets/img/database.png (compressed_size=29449 bytes, uncompressed_size=29988 bytes)
[debug] [2025-01-07T17:11:06.864Z] [unzip] Processing entry: client\assets\img\database.png
[debug] [2025-01-07T17:11:06.864Z] [unzip] else mkdir: C:\Users\jrebh\.cache\firebase\emulators\ui-v1.14.0\client\assets\img
[debug] [2025-01-07T17:11:06.864Z] [unzip] deflating: C:\Users\jrebh\.cache\firebase\emulators\ui-v1.14.0\client\assets\img\database.png
[debug] [2025-01-07T17:11:06.866Z] [unzip] Entry: client/assets/provider-icons/ (compressed_size=0 bytes, uncompressed_size=0 bytes)
[debug] [2025-01-07T17:11:06.866Z] [unzip] Processing entry: client\assets\provider-icons\
[debug] [2025-01-07T17:11:06.866Z] [unzip] mkdir: C:\Users\jrebh\.cache\firebase\emulators\ui-v1.14.0\client\assets\provider-icons\
[debug] [2025-01-07T17:11:06.866Z] [unzip] Entry: client/assets/provider-icons/auth_service_saml.svg (compressed_size=575 bytes, uncompressed_size=1226 bytes)
[debug] [2025-01-07T17:11:06.867Z] [unzip] Processing entry: client\assets\provider-icons\auth_service_saml.svg
[debug] [2025-01-07T17:11:06.867Z] [unzip] else mkdir: C:\Users\jrebh\.cache\firebase\emulators\ui-v1.14.0\client\assets\provider-icons
[debug] [2025-01-07T17:11:06.867Z] [unzip] deflating: C:\Users\jrebh\.cache\firebase\emulators\ui-v1.14.0\client\assets\provider-icons\auth_service_saml.svg
[debug] [2025-01-07T17:11:06.869Z] [unzip] Entry: client/assets/provider-icons/auth_service_phone.svg (compressed_size=261 bytes, uncompressed_size=414 bytes)
[debug] [2025-01-07T17:11:06.869Z] [unzip] Processing entry: client\assets\provider-icons\auth_service_phone.svg
[debug] [2025-01-07T17:11:06.869Z] [unzip] else mkdir: C:\Users\jrebh\.cache\firebase\emulators\ui-v1.14.0\client\assets\provider-icons
[debug] [2025-01-07T17:11:06.870Z] [unzip] deflating: C:\Users\jrebh\.cache\firebase\emulators\ui-v1.14.0\client\assets\provider-icons\auth_service_phone.svg
[debug] [2025-01-07T17:11:06.871Z] [unzip] Entry: client/assets/provider-icons/auth_service_facebook.svg (compressed_size=289 bytes, uncompressed_size=457 bytes)
[debug] [2025-01-07T17:11:06.871Z] [unzip] Processing entry: client\assets\provider-icons\auth_service_facebook.svg
[debug] [2025-01-07T17:11:06.871Z] [unzip] else mkdir: C:\Users\jrebh\.cache\firebase\emulators\ui-v1.14.0\client\assets\provider-icons
[debug] [2025-01-07T17:11:06.872Z] [unzip] deflating: C:\Users\jrebh\.cache\firebase\emulators\ui-v1.14.0\client\assets\provider-icons\auth_service_facebook.svg
[debug] [2025-01-07T17:11:06.873Z] [unzip] Entry: client/assets/provider-icons/auth_service_game_center.svg (compressed_size=991 bytes, uncompressed_size=3921 bytes)
[debug] [2025-01-07T17:11:06.873Z] [unzip] Processing entry: client\assets\provider-icons\auth_service_game_center.svg
[debug] [2025-01-07T17:11:06.873Z] [unzip] else mkdir: C:\Users\jrebh\.cache\firebase\emulators\ui-v1.14.0\client\assets\provider-icons
[debug] [2025-01-07T17:11:06.874Z] [unzip] deflating: C:\Users\jrebh\.cache\firebase\emulators\ui-v1.14.0\client\assets\provider-icons\auth_service_game_center.svg
[debug] [2025-01-07T17:11:06.875Z] [unzip] Entry: client/assets/provider-icons/auth_service_apple.svg (compressed_size=230 bytes, uncompressed_size=334 bytes)
[debug] [2025-01-07T17:11:06.875Z] [unzip] Processing entry: client\assets\provider-icons\auth_service_apple.svg
[debug] [2025-01-07T17:11:06.875Z] [unzip] else mkdir: C:\Users\jrebh\.cache\firebase\emulators\ui-v1.14.0\client\assets\provider-icons
[debug] [2025-01-07T17:11:06.876Z] [unzip] deflating: C:\Users\jrebh\.cache\firebase\emulators\ui-v1.14.0\client\assets\provider-icons\auth_service_apple.svg
[debug] [2025-01-07T17:11:06.877Z] [unzip] Entry: client/assets/provider-icons/auth_service_github.svg (compressed_size=466 bytes, uncompressed_size=838 bytes)
[debug] [2025-01-07T17:11:06.877Z] [unzip] Processing entry: client\assets\provider-icons\auth_service_github.svg
[debug] [2025-01-07T17:11:06.877Z] [unzip] else mkdir: C:\Users\jrebh\.cache\firebase\emulators\ui-v1.14.0\client\assets\provider-icons
[debug] [2025-01-07T17:11:06.878Z] [unzip] deflating: C:\Users\jrebh\.cache\firebase\emulators\ui-v1.14.0\client\assets\provider-icons\auth_service_github.svg
[debug] [2025-01-07T17:11:06.879Z] [unzip] Entry: client/assets/provider-icons/auth_service_mslive.svg (compressed_size=203 bytes, uncompressed_size=378 bytes)
[debug] [2025-01-07T17:11:06.879Z] [unzip] Processing entry: client\assets\provider-icons\auth_service_mslive.svg
[debug] [2025-01-07T17:11:06.879Z] [unzip] else mkdir: C:\Users\jrebh\.cache\firebase\emulators\ui-v1.14.0\client\assets\provider-icons
[debug] [2025-01-07T17:11:06.879Z] [unzip] deflating: C:\Users\jrebh\.cache\firebase\emulators\ui-v1.14.0\client\assets\provider-icons\auth_service_mslive.svg
[debug] [2025-01-07T17:11:06.881Z] [unzip] Entry: client/assets/provider-icons/auth_service_yahoo.svg (compressed_size=577 bytes, uncompressed_size=1182 bytes)
[debug] [2025-01-07T17:11:06.881Z] [unzip] Processing entry: client\assets\provider-icons\auth_service_yahoo.svg
[debug] [2025-01-07T17:11:06.881Z] [unzip] else mkdir: C:\Users\jrebh\.cache\firebase\emulators\ui-v1.14.0\client\assets\provider-icons
[debug] [2025-01-07T17:11:06.881Z] [unzip] deflating: C:\Users\jrebh\.cache\firebase\emulators\ui-v1.14.0\client\assets\provider-icons\auth_service_yahoo.svg
[debug] [2025-01-07T17:11:06.882Z] [unzip] Entry: client/assets/provider-icons/auth_service_twitter.svg (compressed_size=444 bytes, uncompressed_size=751 bytes)
[debug] [2025-01-07T17:11:06.883Z] [unzip] Processing entry: client\assets\provider-icons\auth_service_twitter.svg
[debug] [2025-01-07T17:11:06.883Z] [unzip] else mkdir: C:\Users\jrebh\.cache\firebase\emulators\ui-v1.14.0\client\assets\provider-icons
[debug] [2025-01-07T17:11:06.883Z] [unzip] deflating: C:\Users\jrebh\.cache\firebase\emulators\ui-v1.14.0\client\assets\provider-icons\auth_service_twitter.svg
[debug] [2025-01-07T17:11:06.884Z] [unzip] Entry: client/assets/provider-icons/auth_service_play_games.svg (compressed_size=565 bytes, uncompressed_size=1173 bytes)
[debug] [2025-01-07T17:11:06.884Z] [unzip] Processing entry: client\assets\provider-icons\auth_service_play_games.svg
[debug] [2025-01-07T17:11:06.884Z] [unzip] else mkdir: C:\Users\jrebh\.cache\firebase\emulators\ui-v1.14.0\client\assets\provider-icons
[debug] [2025-01-07T17:11:06.885Z] [unzip] deflating: C:\Users\jrebh\.cache\firebase\emulators\ui-v1.14.0\client\assets\provider-icons\auth_service_play_games.svg
[debug] [2025-01-07T17:11:06.886Z] [unzip] Entry: client/assets/provider-icons/auth_service_email.svg (compressed_size=228 bytes, uncompressed_size=326 bytes)
[debug] [2025-01-07T17:11:06.886Z] [unzip] Processing entry: client\assets\provider-icons\auth_service_email.svg
[debug] [2025-01-07T17:11:06.886Z] [unzip] else mkdir: C:\Users\jrebh\.cache\firebase\emulators\ui-v1.14.0\client\assets\provider-icons
[debug] [2025-01-07T17:11:06.887Z] [unzip] deflating: C:\Users\jrebh\.cache\firebase\emulators\ui-v1.14.0\client\assets\provider-icons\auth_service_email.svg
[debug] [2025-01-07T17:11:06.888Z] [unzip] Entry: client/assets/provider-icons/auth_service_google.svg (compressed_size=409 bytes, uncompressed_size=720 bytes)
[debug] [2025-01-07T17:11:06.888Z] [unzip] Processing entry: client\assets\provider-icons\auth_service_google.svg
[debug] [2025-01-07T17:11:06.888Z] [unzip] else mkdir: C:\Users\jrebh\.cache\firebase\emulators\ui-v1.14.0\client\assets\provider-icons
[debug] [2025-01-07T17:11:06.889Z] [unzip] deflating: C:\Users\jrebh\.cache\firebase\emulators\ui-v1.14.0\client\assets\provider-icons\auth_service_google.svg
[debug] [2025-01-07T17:11:06.890Z] [unzip] Entry: client/assets/provider-icons/auth_service_oidc.svg (compressed_size=414 bytes, uncompressed_size=858 bytes)
[debug] [2025-01-07T17:11:06.890Z] [unzip] Processing entry: client\assets\provider-icons\auth_service_oidc.svg
[debug] [2025-01-07T17:11:06.890Z] [unzip] else mkdir: C:\Users\jrebh\.cache\firebase\emulators\ui-v1.14.0\client\assets\provider-icons
[debug] [2025-01-07T17:11:06.890Z] [unzip] deflating: C:\Users\jrebh\.cache\firebase\emulators\ui-v1.14.0\client\assets\provider-icons\auth_service_oidc.svg
[debug] [2025-01-07T17:11:06.892Z] [unzip] Entry: client/browserconfig.xml (compressed_size=491 bytes, uncompressed_size=822 bytes)
[debug] [2025-01-07T17:11:06.892Z] [unzip] Processing entry: client\browserconfig.xml
[debug] [2025-01-07T17:11:06.892Z] [unzip] else mkdir: C:\Users\jrebh\.cache\firebase\emulators\ui-v1.14.0\client
[debug] [2025-01-07T17:11:06.892Z] [unzip] deflating: C:\Users\jrebh\.cache\firebase\emulators\ui-v1.14.0\client\browserconfig.xml
[debug] [2025-01-07T17:11:06.894Z] [unzip] Entry: client/favicon-32x32.png (compressed_size=475 bytes, uncompressed_size=475 bytes)
[debug] [2025-01-07T17:11:06.894Z] [unzip] Processing entry: client\favicon-32x32.png
[debug] [2025-01-07T17:11:06.894Z] [unzip] else mkdir: C:\Users\jrebh\.cache\firebase\emulators\ui-v1.14.0\client
[debug] [2025-01-07T17:11:06.894Z] [unzip] Writing file: C:\Users\jrebh\.cache\firebase\emulators\ui-v1.14.0\client\favicon-32x32.png
[debug] [2025-01-07T17:11:06.895Z] [unzip] Entry: server/ (compressed_size=0 bytes, uncompressed_size=0 bytes)
[debug] [2025-01-07T17:11:06.895Z] [unzip] Processing entry: server\
[debug] [2025-01-07T17:11:06.895Z] [unzip] mkdir: C:\Users\jrebh\.cache\firebase\emulators\ui-v1.14.0\server\
[debug] [2025-01-07T17:11:06.896Z] [unzip] Entry: server/server.mjs.map (compressed_size=296496 bytes, uncompressed_size=1355667 bytes)
[debug] [2025-01-07T17:11:06.896Z] [unzip] Processing entry: server\server.mjs.map
[debug] [2025-01-07T17:11:06.896Z] [unzip] else mkdir: C:\Users\jrebh\.cache\firebase\emulators\ui-v1.14.0\server
[debug] [2025-01-07T17:11:06.896Z] [unzip] deflating: C:\Users\jrebh\.cache\firebase\emulators\ui-v1.14.0\server\server.mjs.map
[debug] [2025-01-07T17:11:06.910Z] [unzip] Entry: server/server.mjs (compressed_size=315701 bytes, uncompressed_size=1172682 bytes)
[debug] [2025-01-07T17:11:06.910Z] [unzip] Processing entry: server\server.mjs
[debug] [2025-01-07T17:11:06.910Z] [unzip] else mkdir: C:\Users\jrebh\.cache\firebase\emulators\ui-v1.14.0\server
[debug] [2025-01-07T17:11:06.910Z] [unzip] deflating: C:\Users\jrebh\.cache\firebase\emulators\ui-v1.14.0\server\server.mjs
[debug] [2025-01-07T17:11:06.921Z] [unzip] Entry: server/assets/ (compressed_size=0 bytes, uncompressed_size=0 bytes)
[debug] [2025-01-07T17:11:06.922Z] [unzip] Processing entry: server\assets\
[debug] [2025-01-07T17:11:06.922Z] [unzip] mkdir: C:\Users\jrebh\.cache\firebase\emulators\ui-v1.14.0\server\assets\
[debug] [2025-01-07T17:11:06.922Z] [unzip] Entry: server/assets/multipart-parser-DGCUZdXu.mjs.map (compressed_size=4791 bytes, uncompressed_size=17918 bytes)
[debug] [2025-01-07T17:11:06.922Z] [unzip] Processing entry: server\assets\multipart-parser-DGCUZdXu.mjs.map
[debug] [2025-01-07T17:11:06.922Z] [unzip] else mkdir: C:\Users\jrebh\.cache\firebase\emulators\ui-v1.14.0\server\assets
[debug] [2025-01-07T17:11:06.923Z] [unzip] deflating: C:\Users\jrebh\.cache\firebase\emulators\ui-v1.14.0\server\assets\multipart-parser-DGCUZdXu.mjs.map
[debug] [2025-01-07T17:11:06.924Z] [unzip] Entry: server/assets/multipart-parser-DGCUZdXu.mjs (compressed_size=2621 bytes, uncompressed_size=10390 bytes)
[debug] [2025-01-07T17:11:06.924Z] [unzip] Processing entry: server\assets\multipart-parser-DGCUZdXu.mjs
[debug] [2025-01-07T17:11:06.924Z] [unzip] else mkdir: C:\Users\jrebh\.cache\firebase\emulators\ui-v1.14.0\server\assets
[debug] [2025-01-07T17:11:06.925Z] [unzip] deflating: C:\Users\jrebh\.cache\firebase\emulators\ui-v1.14.0\server\assets\multipart-parser-DGCUZdXu.mjs
[debug] [2025-01-07T17:11:06.929Z] [Extensions] Connecting Extensions emulator, this is a noop.
[info] i  functions: Watching "C:\Users\jrebh\OneDrive\Desktop\RebzList\jrebholz12.github.io\functions" for Cloud Functions... {"metadata":{"emulator":{"name":"functions"},"message":"Watching \"C:\\Users\\jrebh\\OneDrive\\Desktop\\RebzList\\jrebholz12.github.io\\functions\" for Cloud Functions..."}}
[debug] [2025-01-07T17:11:06.937Z] Validating nodejs source
[debug] [2025-01-07T17:11:08.006Z] > [functions] package.json contents: {
  "name": "functions",
  "description": "Cloud Functions for Firebase",
  "scripts": {
    "lint": "eslint .",
    "serve": "firebase emulators:start --only functions",
    "shell": "firebase functions:shell",
    "start": "npm run shell",
    "deploy": "firebase deploy --only functions",
    "logs": "firebase functions:log"
  },
  "engines": {
    "node": "22"
  },
  "main": "index.js",
  "dependencies": {
    "firebase-admin": "^12.6.0",
    "firebase-functions": "^6.0.1",
    "undici": "^6.21.0"
  },
  "devDependencies": {
    "eslint": "^8.15.0",
    "eslint-config-google": "^0.14.0",
    "firebase-functions-test": "^3.1.0"
  },
  "private": true
}
[debug] [2025-01-07T17:11:08.006Z] Building nodejs source
[debug] [2025-01-07T17:11:08.006Z] Failed to find version of module node: reached end of search path C:\Users\jrebh\OneDrive\Desktop\RebzList\jrebholz12.github.io\functions\node_modules
[warn] !  functions: Your requested "node" version "22" doesn't match your global version "20". Using node@20 from host. 
[debug] [2025-01-07T17:11:08.009Z] Could not find functions.yaml. Must use http discovery
[debug] [2025-01-07T17:11:08.018Z] Found firebase-functions binary at 'C:\Users\jrebh\OneDrive\Desktop\RebzList\jrebholz12.github.io\functions\node_modules\.bin\firebase-functions'
[info] Serving at port 8297

[error] Error: Cannot find module './lib/web/fetch'
Require stack:
- C:\Users\jrebh\OneDrive\Desktop\RebzList\jrebholz12.github.io\node_modules\undici\index.js
- C:\Users\jrebh\OneDrive\Desktop\RebzList\jrebholz12.github.io\node_modules\cheerio\dist\commonjs\index.js
- C:\Users\jrebh\OneDrive\Desktop\RebzList\jrebholz12.github.io\functions\index.js
- C:\Users\jrebh\OneDrive\Desktop\RebzList\jrebholz12.github.io\functions\node_modules\firebase-functions\lib\runtime\loader.js
- C:\Users\jrebh\OneDrive\Desktop\RebzList\jrebholz12.github.io\functions\node_modules\firebase-functions\lib\bin\firebase-functions.js
    at Module._resolveFilename (node:internal/modules/cjs/loader:1225:15)
    at Module._load (node:internal/modules/cjs/loader:1051:27)
    at Module.require (node:internal/modules/cjs/loader:1311:19)
    at require (node:internal/modules/helpers:179:18)
    at Object.<anonymous> (C:\Users\jrebh\OneDrive\Desktop\RebzList\jrebholz12.github.io\node_modules\undici\index.js:106:19)
    at Module._compile (node:internal/modules/cjs/loader:1469:14)
    at Module._extensions..js (node:internal/modules/cjs/loader:1548:10)
    at Module.load (node:internal/modules/cjs/loader:1288:32)
    at Module._load (node:internal/modules/cjs/loader:1104:12)
    at Module.require (node:internal/modules/cjs/loader:1311:19) {
  code: 'MODULE_NOT_FOUND',
  requireStack: [
    'C:\\Users\\jrebh\\OneDrive\\Desktop\\RebzList\\jrebholz12.github.io\\node_modules\\undici\\index.js',
    'C:\\Users\\jrebh\\OneDrive\\Desktop\\RebzList\\jrebholz12.github.io\\node_modules\\cheerio\\dist\\commonjs\\index.js',
    'C:\\Users\\jrebh\\OneDrive\\Desktop\\RebzList\\jrebholz12.github.io\\functions\\index.js',
    'C:\\Users\\jrebh\\OneDrive\\Desktop\\RebzList\\jrebholz12.github.io\\functions\\node_modules\\firebase-functions\\lib\\runtime\\loader.js',
    'C:\\Users\\jrebh\\OneDrive\\Desktop\\RebzList\\jrebholz12.github.io\\functions\\node_modules\\firebase-functions\\lib\\bin\\firebase-functions.js'
  ]
}

[debug] [2025-01-07T17:11:08.947Z] Got response code 400; body Failed to generate manifest from function source: Error: Cannot find module './lib/web/fetch'
Require stack:
- C:\Users\jrebh\OneDrive\Desktop\RebzList\jrebholz12.github.io\node_modules\undici\index.js
- C:\Users\jrebh\OneDrive\Desktop\RebzList\jrebholz12.github.io\node_modules\cheerio\dist\commonjs\index.js
- C:\Users\jrebh\OneDrive\Desktop\RebzList\jrebholz12.github.io\functions\index.js
- C:\Users\jrebh\OneDrive\Desktop\RebzList\jrebholz12.github.io\functions\node_modules\firebase-functions\lib\runtime\loader.js
- C:\Users\jrebh\OneDrive\Desktop\RebzList\jrebholz12.github.io\functions\node_modules\firebase-functions\lib\bin\firebase-functions.js
[error] !!  functions: Failed to load function definition from source: FirebaseError: Functions codebase could not be analyzed successfully. It may have a syntax or runtime error {"metadata":{"emulator":{"name":"functions"},"message":"Failed to load function definition from source: FirebaseError: Functions codebase could not be analyzed successfully. It may have a syntax or runtime error"}}
[debug] [2025-01-07T17:11:14.006Z] Could not find VSCode notification endpoint: FetchError: request to http://localhost:40001/vscode/notify failed, reason: . If you are not running the Firebase Data Connect VSCode extension, this is expected and not an issue.
[info] 
┌─────────────────────────────────────────────────────────────┐
│ ✔  All emulators ready! It is now safe to connect your app. │
│ i  View Emulator UI at http://127.0.0.1:4000/               │
└─────────────────────────────────────────────────────────────┘

┌────────────┬────────────────┬──────────────────────────────────┐
│ Emulator   │ Host:Port      │ View in Emulator UI              │
├────────────┼────────────────┼──────────────────────────────────┤
│ Functions  │ 127.0.0.1:5001 │ http://127.0.0.1:4000/functions  │
├────────────┼────────────────┼──────────────────────────────────┤
│ Extensions │ 127.0.0.1:5001 │ http://127.0.0.1:4000/extensions │
└────────────┴────────────────┴──────────────────────────────────┘
  Emulator Hub running at 127.0.0.1:4400
  Other reserved ports: 4500
┌─────────────────────────┬───────────────┬─────────────────────┐
│ Extension Instance Name │ Extension Ref │ View in Emulator UI │
└─────────────────────────┴───────────────┴─────────────────────┘
Issues? Report them at https://github.com/firebase/firebase-tools/issues and attach the *-debug.log files.
 
[debug] [2025-01-07T17:24:16.478Z] Received signal SIGHUP 1
