[debug] [2025-01-07T17:49:33.279Z] ----------------------------------------------------------------------
[debug] [2025-01-07T17:49:33.283Z] Command:       C:\nvm4w\nodejs\node.exe C:\Users\jrebh\AppData\Roaming\npm\node_modules\firebase-tools\lib\bin\firebase.js emulators:start
[debug] [2025-01-07T17:49:33.284Z] CLI Version:   13.29.1
[debug] [2025-01-07T17:49:33.284Z] Platform:      win32
[debug] [2025-01-07T17:49:33.284Z] Node Version:  v20.17.0
[debug] [2025-01-07T17:49:33.284Z] Time:          Tue Jan 07 2025 11:49:33 GMT-0600 (Central Standard Time)
[debug] [2025-01-07T17:49:33.284Z] ----------------------------------------------------------------------
[debug] 
[debug] [2025-01-07T17:49:33.485Z] > command requires scopes: ["email","openid","https://www.googleapis.com/auth/cloudplatformprojects.readonly","https://www.googleapis.com/auth/firebase","https://www.googleapis.com/auth/cloud-platform"]
[debug] [2025-01-07T17:49:33.485Z] > authorizing via signed-in user (jrebholz12@icloud.com)
[info] i  emulators: Starting emulators: functions, extensions {"metadata":{"emulator":{"name":"hub"},"message":"Starting emulators: functions, extensions"}}
[debug] [2025-01-07T17:49:33.490Z] Checked if tokens are valid: false, expires at: 1736272506694
[debug] [2025-01-07T17:49:33.490Z] Checked if tokens are valid: false, expires at: 1736272506694
[debug] [2025-01-07T17:49:33.490Z] > refreshing access token with scopes: []
[debug] [2025-01-07T17:49:33.492Z] >>> [apiv2][query] POST https://www.googleapis.com/oauth2/v3/token [none]
[debug] [2025-01-07T17:49:33.492Z] >>> [apiv2][body] POST https://www.googleapis.com/oauth2/v3/token [omitted]
[debug] [2025-01-07T17:49:33.660Z] <<< [apiv2][status] POST https://www.googleapis.com/oauth2/v3/token 200
[debug] [2025-01-07T17:49:33.660Z] <<< [apiv2][body] POST https://www.googleapis.com/oauth2/v3/token [omitted]
[debug] [2025-01-07T17:49:33.689Z] >>> [apiv2][query] GET https://cloudresourcemanager.googleapis.com/v1/projects/rebzlist [none]
[debug] [2025-01-07T17:49:33.939Z] <<< [apiv2][status] GET https://cloudresourcemanager.googleapis.com/v1/projects/rebzlist 200
[debug] [2025-01-07T17:49:33.940Z] <<< [apiv2][body] GET https://cloudresourcemanager.googleapis.com/v1/projects/rebzlist {"projectNumber":"319668133045","projectId":"rebzlist","lifecycleState":"ACTIVE","name":"RebzList","labels":{"firebase":"enabled"},"createTime":"2024-09-17T20:51:47.904037Z"}
[debug] [2025-01-07T17:49:33.953Z] [logging] Logging Emulator only supports listening on one address (127.0.0.1). Not listening on ::1
[debug] [2025-01-07T17:49:33.954Z] assigned listening specs for emulators {"user":{"hub":[{"address":"127.0.0.1","family":"IPv4","port":4400},{"address":"::1","family":"IPv6","port":4400}],"ui":[{"address":"127.0.0.1","family":"IPv4","port":4000},{"address":"::1","family":"IPv6","port":4000}],"logging":[{"address":"127.0.0.1","family":"IPv4","port":4500}]},"metadata":{"message":"assigned listening specs for emulators"}}
[warn] !  emulators: It seems that you are running multiple instances of the emulator suite for project rebzlist. This may result in unexpected behavior. 
[debug] [2025-01-07T17:49:33.961Z] [hub] writing locator at C:\Users\jrebh\AppData\Local\Temp\hub-rebzlist.json
[debug] [2025-01-07T17:49:33.972Z] [Extensions] Started Extensions emulator, this is a noop.
[debug] [2025-01-07T17:49:33.980Z] [functions] Functions Emulator only supports listening on one address (127.0.0.1). Not listening on ::1
[debug] [2025-01-07T17:49:33.980Z] [eventarc] Eventarc Emulator only supports listening on one address (127.0.0.1). Not listening on ::1
[debug] [2025-01-07T17:49:33.980Z] [tasks] Cloud Tasks Emulator only supports listening on one address (127.0.0.1). Not listening on ::1
[debug] [2025-01-07T17:49:33.980Z] late-assigned ports for functions and eventarc emulators {"user":{"hub":[{"address":"127.0.0.1","family":"IPv4","port":4400},{"address":"::1","family":"IPv6","port":4400}],"ui":[{"address":"127.0.0.1","family":"IPv4","port":4000},{"address":"::1","family":"IPv6","port":4000}],"logging":[{"address":"127.0.0.1","family":"IPv4","port":4500}],"functions":[{"address":"127.0.0.1","family":"IPv4","port":5001}],"eventarc":[{"address":"127.0.0.1","family":"IPv4","port":9299}],"tasks":[{"address":"127.0.0.1","family":"IPv4","port":9499}]},"metadata":{"message":"late-assigned ports for functions and eventarc emulators"}}
[warn] !  functions: The following emulators are not running, calls to these services from the Functions emulator will affect production: apphosting, auth, firestore, database, hosting, pubsub, storage, dataconnect {"metadata":{"emulator":{"name":"functions"},"message":"The following emulators are not running, calls to these services from the Functions emulator will affect production: \u001b[1mapphosting, auth, firestore, database, hosting, pubsub, storage, dataconnect\u001b[22m"}}
[debug] [2025-01-07T17:49:33.985Z] defaultcredentials: writing to file C:\Users\jrebh\AppData\Roaming\firebase\jrebholz12_icloud_com_application_default_credentials.json
[debug] [2025-01-07T17:49:33.995Z] Setting GAC to C:\Users\jrebh\AppData\Roaming\firebase\jrebholz12_icloud_com_application_default_credentials.json {"metadata":{"emulator":{"name":"functions"},"message":"Setting GAC to C:\\Users\\jrebh\\AppData\\Roaming\\firebase\\jrebholz12_icloud_com_application_default_credentials.json"}}
[debug] [2025-01-07T17:49:33.995Z] Checked if tokens are valid: true, expires at: 1736275772660
[debug] [2025-01-07T17:49:33.995Z] Checked if tokens are valid: true, expires at: 1736275772660
[debug] [2025-01-07T17:49:33.996Z] >>> [apiv2][query] GET https://firebase.googleapis.com/v1beta1/projects/rebzlist/adminSdkConfig [none]
[debug] [2025-01-07T17:49:34.326Z] <<< [apiv2][status] GET https://firebase.googleapis.com/v1beta1/projects/rebzlist/adminSdkConfig 200
[debug] [2025-01-07T17:49:34.326Z] <<< [apiv2][body] GET https://firebase.googleapis.com/v1beta1/projects/rebzlist/adminSdkConfig {"projectId":"rebzlist","storageBucket":"rebzlist.firebasestorage.app"}
[debug] [2025-01-07T17:49:34.367Z] [Extensions] Connecting Extensions emulator, this is a noop.
[info] i  functions: Watching "C:\Users\jrebh\OneDrive\Desktop\RebzList\jrebholz12.github.io\functions" for Cloud Functions... {"metadata":{"emulator":{"name":"functions"},"message":"Watching \"C:\\Users\\jrebh\\OneDrive\\Desktop\\RebzList\\jrebholz12.github.io\\functions\" for Cloud Functions..."}}
[debug] [2025-01-07T17:49:34.378Z] Validating nodejs source
[debug] [2025-01-07T17:49:35.960Z] > [functions] package.json contents: {
  "name": "functions",
  "description": "Cloud Functions for Firebase",
  "scripts": {
    "lint": "eslint .",
    "serve": "firebase emulators:start --only functions",
    "shell": "firebase functions:shell",
    "start": "npm run shell",
    "deploy": "firebase deploy --only functions",
    "logs": "firebase functions:log"
  },
  "engines": {
    "node": "22"
  },
  "main": "index.js",
  "dependencies": {
    "firebase-admin": "^12.6.0",
    "firebase-functions": "^6.0.1",
    "undici": "^6.21.0"
  },
  "devDependencies": {
    "eslint": "^8.15.0",
    "eslint-config-google": "^0.14.0",
    "firebase-functions-test": "^3.1.0"
  },
  "private": true
}
[debug] [2025-01-07T17:49:35.961Z] Building nodejs source
[debug] [2025-01-07T17:49:35.961Z] Failed to find version of module node: reached end of search path C:\Users\jrebh\OneDrive\Desktop\RebzList\jrebholz12.github.io\functions\node_modules
[warn] !  functions: Your requested "node" version "22" doesn't match your global version "20". Using node@20 from host. 
[debug] [2025-01-07T17:49:35.964Z] Could not find functions.yaml. Must use http discovery
[debug] [2025-01-07T17:49:35.976Z] Found firebase-functions binary at 'C:\Users\jrebh\OneDrive\Desktop\RebzList\jrebholz12.github.io\functions\node_modules\.bin\firebase-functions'
[info] Serving at port 8725

[error] Error: Cannot find module './lib/web/fetch'
Require stack:
- C:\Users\jrebh\OneDrive\Desktop\RebzList\jrebholz12.github.io\node_modules\undici\index.js
- C:\Users\jrebh\OneDrive\Desktop\RebzList\jrebholz12.github.io\node_modules\cheerio\dist\commonjs\index.js
- C:\Users\jrebh\OneDrive\Desktop\RebzList\jrebholz12.github.io\functions\index.js
- C:\Users\jrebh\OneDrive\Desktop\RebzList\jrebholz12.github.io\functions\node_modules\firebase-functions\lib\runtime\loader.js
- C:\Users\jrebh\OneDrive\Desktop\RebzList\jrebholz12.github.io\functions\node_modules\firebase-functions\lib\bin\firebase-functions.js
    at Module._resolveFilename (node:internal/modules/cjs/loader:1225:15)
    at Module._load (node:internal/modules/cjs/loader:1051:27)
    at Module.require (node:internal/modules/cjs/loader:1311:19)
    at require (node:internal/modules/helpers:179:18)
    at Object.<anonymous> (C:\Users\jrebh\OneDrive\Desktop\RebzList\jrebholz12.github.io\node_modules\undici\index.js:106:19)
    at Module._compile (node:internal/modules/cjs/loader:1469:14)
    at Module._extensions..js (node:internal/modules/cjs/loader:1548:10)
    at Module.load (node:internal/modules/cjs/loader:1288:32)
    at Module._load (node:internal/modules/cjs/loader:1104:12)
    at Module.require (node:internal/modules/cjs/loader:1311:19) {
  code: 'MODULE_NOT_FOUND',
  requireStack: [
    'C:\\Users\\jrebh\\OneDrive\\Desktop\\RebzList\\jrebholz12.github.io\\node_modules\\undici\\index.js',
    'C:\\Users\\jrebh\\OneDrive\\Desktop\\RebzList\\jrebholz12.github.io\\node_modules\\cheerio\\dist\\commonjs\\index.js',
    'C:\\Users\\jrebh\\OneDrive\\Desktop\\RebzList\\jrebholz12.github.io\\functions\\index.js',
    'C:\\Users\\jrebh\\OneDrive\\Desktop\\RebzList\\jrebholz12.github.io\\functions\\node_modules\\firebase-functions\\lib\\runtime\\loader.js',
    'C:\\Users\\jrebh\\OneDrive\\Desktop\\RebzList\\jrebholz12.github.io\\functions\\node_modules\\firebase-functions\\lib\\bin\\firebase-functions.js'
  ]
}

[error] !!  functions: Failed to load function definition from source: FirebaseError: User code failed to load. Cannot determine backend specification {"metadata":{"emulator":{"name":"functions"},"message":"Failed to load function definition from source: FirebaseError: User code failed to load. Cannot determine backend specification"}}
[debug] [2025-01-07T17:49:56.604Z] Could not find VSCode notification endpoint: FetchError: request to http://localhost:40001/vscode/notify failed, reason: . If you are not running the Firebase Data Connect VSCode extension, this is expected and not an issue.
[info] 
┌─────────────────────────────────────────────────────────────┐
│ ✔  All emulators ready! It is now safe to connect your app. │
│ i  View Emulator UI at http://127.0.0.1:4000/               │
└─────────────────────────────────────────────────────────────┘

┌────────────┬────────────────┬──────────────────────────────────┐
│ Emulator   │ Host:Port      │ View in Emulator UI              │
├────────────┼────────────────┼──────────────────────────────────┤
│ Functions  │ 127.0.0.1:5001 │ http://127.0.0.1:4000/functions  │
├────────────┼────────────────┼──────────────────────────────────┤
│ Extensions │ 127.0.0.1:5001 │ http://127.0.0.1:4000/extensions │
└────────────┴────────────────┴──────────────────────────────────┘
  Emulator Hub running at 127.0.0.1:4400
  Other reserved ports: 4500
┌─────────────────────────┬───────────────┬─────────────────────┐
│ Extension Instance Name │ Extension Ref │ View in Emulator UI │
└─────────────────────────┴───────────────┴─────────────────────┘
Issues? Report them at https://github.com/firebase/firebase-tools/issues and attach the *-debug.log files.
 
